  Application.cpp
D:\AngaraEngine\Angara\Math\Matrix4x4.h(104,44): warning C4244: '=': conversion from 'double' to 'float', possible loss of data
D:\AngaraEngine\Angara\Math\Matrix4x4.h(105,44): warning C4244: '=': conversion from 'double' to 'float', possible loss of data
D:\AngaraEngine\Angara\Math\Matrix4x4.h(106,44): warning C4244: '=': conversion from 'double' to 'float', possible loss of data
D:\AngaraEngine\Angara\Math\Matrix4x4.h(107,44): warning C4244: '=': conversion from 'double' to 'float', possible loss of data
D:\AngaraEngine\Angara\Application.cpp(342,21): warning C4244: 'initializing': conversion from 'float' to 'int', possible loss of data
D:\AngaraEngine\Angara\Application.cpp(343,22): warning C4244: 'initializing': conversion from 'float' to 'int', possible loss of data
D:\AngaraEngine\Angara\Application.cpp(363,20): warning C4244: 'initializing': conversion from 'float' to 'int', possible loss of data
D:\AngaraEngine\Angara\Application.cpp(364,21): warning C4244: 'initializing': conversion from 'float' to 'int', possible loss of data
  GraphicsEngine.cpp
  BindSystem.cpp
  InputSystem.cpp
  main.cpp
D:\AngaraEngine\Angara\Math\Matrix4x4.h(104,44): warning C4244: '=': conversion from 'double' to 'float', possible loss of data
D:\AngaraEngine\Angara\Math\Matrix4x4.h(105,44): warning C4244: '=': conversion from 'double' to 'float', possible loss of data
D:\AngaraEngine\Angara\Math\Matrix4x4.h(106,44): warning C4244: '=': conversion from 'double' to 'float', possible loss of data
D:\AngaraEngine\Angara\Math\Matrix4x4.h(107,44): warning C4244: '=': conversion from 'double' to 'float', possible loss of data
  Material.cpp
D:\AngaraEngine\Angara\ResourceSystem\MaterialSystem\Material.cpp(18,64): warning C4267: '=': conversion from 'size_t' to 'UINT', possible loss of data
  MaterialManager.cpp
  ConstantBuffer.cpp
  DeviceContext.cpp
D:\AngaraEngine\Angara\RenderSystem\DeviceContext.cpp(63,13): warning C4244: '=': conversion from 'UINT' to 'FLOAT', possible loss of data
D:\AngaraEngine\Angara\RenderSystem\DeviceContext.cpp(64,14): warning C4244: '=': conversion from 'UINT' to 'FLOAT', possible loss of data
  IndexBuffer.cpp
  PixelShader.cpp
  RenderSystem.cpp
  SwapChain.cpp
  VertexBuffer.cpp
  VertexShader.cpp
  Resource.cpp
  ResourceManager.cpp
  Window.cpp
D:\AngaraEngine\Angara\Window\Window.cpp(93,73): warning C4553: '==': result of expression not used; did you intend '='?
DirectXTexD.lib(DirectXTexD3D11.obj) : error LNK2038: mismatch detected for '_ITERATOR_DEBUG_LEVEL': value '2' doesn't match value '0' in Application.obj
DirectXTexD.lib(DirectXTexD3D11.obj) : error LNK2038: mismatch detected for 'RuntimeLibrary': value 'MDd_DynamicDebug' doesn't match value 'MD_DynamicRelease' in Application.obj
DirectXTexD.lib(DirectXTexWIC.obj) : error LNK2038: mismatch detected for '_ITERATOR_DEBUG_LEVEL': value '2' doesn't match value '0' in Application.obj
DirectXTexD.lib(DirectXTexWIC.obj) : error LNK2038: mismatch detected for 'RuntimeLibrary': value 'MDd_DynamicDebug' doesn't match value 'MD_DynamicRelease' in Application.obj
DirectXTexD.lib(DirectXTexImage.obj) : error LNK2038: mismatch detected for '_ITERATOR_DEBUG_LEVEL': value '2' doesn't match value '0' in Application.obj
DirectXTexD.lib(DirectXTexImage.obj) : error LNK2038: mismatch detected for 'RuntimeLibrary': value 'MDd_DynamicDebug' doesn't match value 'MD_DynamicRelease' in Application.obj
DirectXTexD.lib(DirectXTexUtil.obj) : error LNK2038: mismatch detected for '_ITERATOR_DEBUG_LEVEL': value '2' doesn't match value '0' in Application.obj
DirectXTexD.lib(DirectXTexUtil.obj) : error LNK2038: mismatch detected for 'RuntimeLibrary': value 'MDd_DynamicDebug' doesn't match value 'MD_DynamicRelease' in Application.obj
DirectXTexD.lib(DirectXTexConvert.obj) : error LNK2038: mismatch detected for '_ITERATOR_DEBUG_LEVEL': value '2' doesn't match value '0' in Application.obj
DirectXTexD.lib(DirectXTexConvert.obj) : error LNK2038: mismatch detected for 'RuntimeLibrary': value 'MDd_DynamicDebug' doesn't match value 'MD_DynamicRelease' in Application.obj
DirectXTexD.lib(DirectXTexMipMaps.obj) : error LNK2038: mismatch detected for '_ITERATOR_DEBUG_LEVEL': value '2' doesn't match value '0' in Application.obj
DirectXTexD.lib(DirectXTexMipMaps.obj) : error LNK2038: mismatch detected for 'RuntimeLibrary': value 'MDd_DynamicDebug' doesn't match value 'MD_DynamicRelease' in Application.obj
DirectXTexD.lib(DirectXTexCompress.obj) : error LNK2038: mismatch detected for '_ITERATOR_DEBUG_LEVEL': value '2' doesn't match value '0' in Application.obj
DirectXTexD.lib(DirectXTexCompress.obj) : error LNK2038: mismatch detected for 'RuntimeLibrary': value 'MDd_DynamicDebug' doesn't match value 'MD_DynamicRelease' in Application.obj
DirectXTexD.lib(BC.obj) : error LNK2038: mismatch detected for '_ITERATOR_DEBUG_LEVEL': value '2' doesn't match value '0' in Application.obj
DirectXTexD.lib(BC.obj) : error LNK2038: mismatch detected for 'RuntimeLibrary': value 'MDd_DynamicDebug' doesn't match value 'MD_DynamicRelease' in Application.obj
DirectXTexD.lib(BC4BC5.obj) : error LNK2038: mismatch detected for '_ITERATOR_DEBUG_LEVEL': value '2' doesn't match value '0' in Application.obj
DirectXTexD.lib(BC4BC5.obj) : error LNK2038: mismatch detected for 'RuntimeLibrary': value 'MDd_DynamicDebug' doesn't match value 'MD_DynamicRelease' in Application.obj
DirectXTexD.lib(BC6HBC7.obj) : error LNK2038: mismatch detected for '_ITERATOR_DEBUG_LEVEL': value '2' doesn't match value '0' in Application.obj
DirectXTexD.lib(BC6HBC7.obj) : error LNK2038: mismatch detected for 'RuntimeLibrary': value 'MDd_DynamicDebug' doesn't match value 'MD_DynamicRelease' in Application.obj
LINK : warning LNK4098: defaultlib 'MSVCRTD' conflicts with use of other libs; use /NODEFAULTLIB:library
DirectXTexD.lib(DirectXTexMipMaps.obj) : error LNK2001: unresolved external symbol __imp__invalid_parameter
DirectXTexD.lib(DirectXTexCompress.obj) : error LNK2001: unresolved external symbol __imp__invalid_parameter
DirectXTexD.lib(BC6HBC7.obj) : error LNK2001: unresolved external symbol __imp__invalid_parameter
DirectXTexD.lib(DirectXTexD3D11.obj) : error LNK2001: unresolved external symbol __imp__invalid_parameter
DirectXTexD.lib(DirectXTexImage.obj) : error LNK2001: unresolved external symbol __imp__invalid_parameter
DirectXTexD.lib(DirectXTexUtil.obj) : error LNK2001: unresolved external symbol __imp__invalid_parameter
DirectXTexD.lib(DirectXTexConvert.obj) : error LNK2001: unresolved external symbol __imp__invalid_parameter
DirectXTexD.lib(DirectXTexMipMaps.obj) : error LNK2001: unresolved external symbol __imp__CrtDbgReportW
D:\AngaraEngine\Angara\BuildAngara\bin\Angara.exe : fatal error LNK1120: 2 unresolved externals
