d:\c++\onyxdx11\x64\release\vc142.pdb
d:\c++\onyxdx11\x64\release\main.obj
d:\c++\onyxdx11\x64\release\viewport.obj
d:\c++\onyxdx11\x64\release\assetloader.obj
d:\c++\onyxdx11\x64\release\texturemanager.obj
d:\c++\onyxdx11\x64\release\texture.obj
d:\c++\onyxdx11\x64\release\meshmanager.obj
d:\c++\onyxdx11\x64\release\mesh.obj
d:\c++\onyxdx11\x64\release\devicecontext.obj
d:\c++\onyxdx11\x64\release\resourcemanager.obj
d:\c++\onyxdx11\x64\release\resource.obj
d:\c++\onyxdx11\x64\release\vertexshader.obj
d:\c++\onyxdx11\x64\release\vertexbuffer.obj
d:\c++\onyxdx11\x64\release\swapchain.obj
d:\c++\onyxdx11\x64\release\rendersystem.obj
d:\c++\onyxdx11\x64\release\pixelshader.obj
d:\c++\onyxdx11\x64\release\indexbuffer.obj
d:\c++\onyxdx11\x64\release\constantbuffer.obj
d:\c++\onyxdx11\x64\release\inputsystem.obj
d:\c++\onyxdx11\x64\release\bindsystem.obj
d:\c++\onyxdx11\x64\release\graphicsengine.obj
d:\c++\onyxdx11\x64\release\excepthelper.obj
d:\c++\onyxdx11\x64\release\window.obj
d:\c++\onyxdx11\x64\release\maploader.obj
d:\c++\onyxdx11\x64\release\file_reader.obj
d:\c++\onyxdx11\x64\release\vc143.pdb
d:\c++\onyxdx11\buildapi\bin\onyx.pdb
d:\c++\onyxdx11\x64\release\onyx.tlog\cl.command.1.tlog
d:\c++\onyxdx11\x64\release\onyx.tlog\cl.read.1.tlog
d:\c++\onyxdx11\x64\release\onyx.tlog\cl.write.1.tlog
d:\c++\onyxdx11\x64\release\onyx.tlog\link.command.1.tlog
d:\c++\onyxdx11\x64\release\onyx.tlog\link.delete.1.tlog
d:\c++\onyxdx11\x64\release\onyx.tlog\link.read.1.tlog
d:\c++\onyxdx11\x64\release\onyx.tlog\link.write.1.tlog
