d:\c++\angara\x64\debug\vc143.pdb
d:\c++\angara\x64\debug\vc143.idb
d:\c++\angara\x64\debug\file_reader.obj
d:\c++\angara\x64\debug\resourcemanager.obj
d:\c++\angara\x64\debug\resource.obj
d:\c++\angara\x64\debug\vertexshader.obj
d:\c++\angara\x64\debug\vertexbuffer.obj
d:\c++\angara\x64\debug\swapchain.obj
d:\c++\angara\x64\debug\rendersystem.obj
d:\c++\angara\x64\debug\pixelshader.obj
d:\c++\angara\x64\debug\indexbuffer.obj
d:\c++\angara\x64\debug\devicecontext.obj
d:\c++\angara\x64\debug\constantbuffer.obj
d:\c++\angara\x64\debug\materialmanager.obj
d:\c++\angara\x64\debug\material.obj
d:\c++\angara\x64\debug\modelmanager.obj
d:\c++\angara\x64\debug\model.obj
d:\c++\angara\x64\debug\main.obj
d:\c++\angara\x64\debug\inputsystem.obj
d:\c++\angara\x64\debug\bindsystem.obj
d:\c++\angara\x64\debug\graphicsengine.obj
d:\c++\angara\x64\debug\application.obj
d:\c++\angara\x64\debug\window.obj
d:\c++\angara\x64\debug\bindparser.obj
d:\c++\angara\x64\debug\assetloader.obj
d:\c++\angara\buildangara\bin\angara.exe
d:\c++\angara\x64\debug\angara.ilk
d:\c++\angara\buildangara\bin\angara.pdb
d:\c++\angara\x64\debug\window.obj.enc
d:\c++\angara\x64\debug\angara.tlog\cl.command.1.tlog
d:\c++\angara\x64\debug\angara.tlog\cl.items.tlog
d:\c++\angara\x64\debug\angara.tlog\cl.read.1.tlog
d:\c++\angara\x64\debug\angara.tlog\cl.write.1.tlog
d:\c++\angara\x64\debug\angara.tlog\link.command.1.tlog
d:\c++\angara\x64\debug\angara.tlog\link.read.1.tlog
d:\c++\angara\x64\debug\angara.tlog\link.write.1.tlog
d:\c++\angara\x64\debug\angara.tlog\resgen.command.1.tlog
