d:\c++\onyxdx11\x64\debug\vc143.pdb
d:\c++\onyxdx11\x64\debug\vc143.idb
d:\c++\onyxdx11\x64\debug\resourcemanager.obj
d:\c++\onyxdx11\x64\debug\resource.obj
d:\c++\onyxdx11\x64\debug\vertexshader.obj
d:\c++\onyxdx11\x64\debug\vertexbuffer.obj
d:\c++\onyxdx11\x64\debug\swapchain.obj
d:\c++\onyxdx11\x64\debug\rendersystem.obj
d:\c++\onyxdx11\x64\debug\pixelshader.obj
d:\c++\onyxdx11\x64\debug\indexbuffer.obj
d:\c++\onyxdx11\x64\debug\devicecontext.obj
d:\c++\onyxdx11\x64\debug\constantbuffer.obj
d:\c++\onyxdx11\x64\debug\meshmanager.obj
d:\c++\onyxdx11\x64\debug\mesh.obj
d:\c++\onyxdx11\x64\debug\main.obj
d:\c++\onyxdx11\x64\debug\inputsystem.obj
d:\c++\onyxdx11\x64\debug\bindsystem.obj
d:\c++\onyxdx11\x64\debug\viewport.obj
d:\c++\onyxdx11\x64\debug\window.obj
d:\c++\onyxdx11\x64\debug\maploader.obj
d:\c++\onyxdx11\x64\debug\file_reader.obj
d:\c++\onyxdx11\x64\debug\assetloader.obj
d:\c++\onyxdx11\x64\debug\texture.obj
d:\c++\onyxdx11\x64\debug\texturemanager.obj
d:\c++\onyxdx11\x64\debug\graphicsengine.obj
d:\c++\onyxdx11\buildapi\bin\onyx.lib
d:\c++\onyxdx11\buildapi\bin\onyx.exp
d:\c++\onyxdx11\x64\debug\onyx.tlog\cl.command.1.tlog
d:\c++\onyxdx11\x64\debug\onyx.tlog\cl.items.tlog
d:\c++\onyxdx11\x64\debug\onyx.tlog\cl.read.1.tlog
d:\c++\onyxdx11\x64\debug\onyx.tlog\cl.write.1.tlog
d:\c++\onyxdx11\x64\debug\onyx.tlog\link-cvtres.read.1.tlog
d:\c++\onyxdx11\x64\debug\onyx.tlog\link-cvtres.write.1.tlog
d:\c++\onyxdx11\x64\debug\onyx.tlog\link-rc.read.1.tlog
d:\c++\onyxdx11\x64\debug\onyx.tlog\link-rc.write.1.tlog
d:\c++\onyxdx11\x64\debug\onyx.tlog\link.21004-cvtres.read.1.tlog
d:\c++\onyxdx11\x64\debug\onyx.tlog\link.21004-cvtres.write.1.tlog
d:\c++\onyxdx11\x64\debug\onyx.tlog\link.21004-rc.read.1.tlog
d:\c++\onyxdx11\x64\debug\onyx.tlog\link.21004-rc.write.1.tlog
d:\c++\onyxdx11\x64\debug\onyx.tlog\link.21004.read.1.tlog
d:\c++\onyxdx11\x64\debug\onyx.tlog\link.21004.read.2.tlog
d:\c++\onyxdx11\x64\debug\onyx.tlog\link.21004.write.1.tlog
d:\c++\onyxdx11\x64\debug\onyx.tlog\link.command.1.tlog
d:\c++\onyxdx11\x64\debug\onyx.tlog\link.read.1.tlog
d:\c++\onyxdx11\x64\debug\onyx.tlog\link.read.2.tlog
d:\c++\onyxdx11\x64\debug\onyx.tlog\link.write.1.tlog
d:\c++\onyxdx11\x64\debug\onyx.tlog\link.write.2u.tlog
