C:\Program Files\Microsoft Visual Studio\2022\Community\MSBuild\Microsoft\VC\v160\Microsoft.CppBuild.targets(513,5): warning MSB8028: промежуточный каталог (x64\Debug\) содержит файлы, которые используются совместно с другим проектом (Angara.vcxproj).  Это может привести к ошибкам очистки и перестроения.
  ExceptHelper.cpp
D:\OnyxPlatform\OnyxDX11\ExceptHelper.h(8,2): warning C4091: static : пропускается слева от "ExceptHelper", когда ни одна переменная не объявлена
  Viewport.cpp
D:\OnyxPlatform\OnyxDX11\Math\Matrix4x4.h(111,44): warning C4244: =: преобразование "double" в "float", возможна потеря данных
D:\OnyxPlatform\OnyxDX11\Math\Matrix4x4.h(112,44): warning C4244: =: преобразование "double" в "float", возможна потеря данных
D:\OnyxPlatform\OnyxDX11\Math\Matrix4x4.h(113,44): warning C4244: =: преобразование "double" в "float", возможна потеря данных
D:\OnyxPlatform\OnyxDX11\Math\Matrix4x4.h(114,44): warning C4244: =: преобразование "double" в "float", возможна потеря данных
D:\OnyxPlatform\OnyxDX11\ExceptHelper.h(8,2): warning C4091: static : пропускается слева от "ExceptHelper", когда ни одна переменная не объявлена
  GraphicsEngine.cpp
D:\OnyxPlatform\OnyxDX11\ExceptHelper.h(8,2): warning C4091: static : пропускается слева от "ExceptHelper", когда ни одна переменная не объявлена
  BindSystem.cpp
  InputSystem.cpp
D:\OnyxPlatform\OnyxDX11\ExceptHelper.h(8,2): warning C4091: static : пропускается слева от "ExceptHelper", когда ни одна переменная не объявлена
  main.cpp
D:\OnyxPlatform\OnyxDX11\Math\Matrix4x4.h(111,44): warning C4244: =: преобразование "double" в "float", возможна потеря данных
D:\OnyxPlatform\OnyxDX11\Math\Matrix4x4.h(112,44): warning C4244: =: преобразование "double" в "float", возможна потеря данных
D:\OnyxPlatform\OnyxDX11\Math\Matrix4x4.h(113,44): warning C4244: =: преобразование "double" в "float", возможна потеря данных
D:\OnyxPlatform\OnyxDX11\Math\Matrix4x4.h(114,44): warning C4244: =: преобразование "double" в "float", возможна потеря данных
  Mesh.cpp
D:\OnyxPlatform\OnyxDX11\ExceptHelper.h(8,2): warning C4091: static : пропускается слева от "ExceptHelper", когда ни одна переменная не объявлена
D:\OnyxPlatform\OnyxDX11\ResourceSystem\MeshSystem\Mesh.cpp(37,47): warning C4267: +=: преобразование из "size_t" в "int"; возможна потеря данных
  MeshManager.cpp
  Texture.cpp
D:\OnyxPlatform\OnyxDX11\ExceptHelper.h(8,2): warning C4091: static : пропускается слева от "ExceptHelper", когда ни одна переменная не объявлена
D:\OnyxPlatform\OnyxDX11\ResourceSystem\TextureSystem\Texture.cpp(18,64): warning C4267: =: преобразование из "size_t" в "UINT"; возможна потеря данных
D:\OnyxPlatform\OnyxDX11\ResourceSystem\TextureSystem\Texture.cpp(27,54): warning C4244: =: преобразование "UINT" в "FLOAT", возможна потеря данных
  TextureManager.cpp
  ConstantBuffer.cpp
D:\OnyxPlatform\OnyxDX11\ExceptHelper.h(8,2): warning C4091: static : пропускается слева от "ExceptHelper", когда ни одна переменная не объявлена
  DeviceContext.cpp
D:\OnyxPlatform\OnyxDX11\ExceptHelper.h(8,2): warning C4091: static : пропускается слева от "ExceptHelper", когда ни одна переменная не объявлена
D:\OnyxPlatform\OnyxDX11\RenderSystem\DeviceContext.cpp(64,13): warning C4244: =: преобразование "UINT" в "FLOAT", возможна потеря данных
D:\OnyxPlatform\OnyxDX11\RenderSystem\DeviceContext.cpp(65,14): warning C4244: =: преобразование "UINT" в "FLOAT", возможна потеря данных
  IndexBuffer.cpp
D:\OnyxPlatform\OnyxDX11\ExceptHelper.h(8,2): warning C4091: static : пропускается слева от "ExceptHelper", когда ни одна переменная не объявлена
  PixelShader.cpp
D:\OnyxPlatform\OnyxDX11\ExceptHelper.h(8,2): warning C4091: static : пропускается слева от "ExceptHelper", когда ни одна переменная не объявлена
  RenderSystem.cpp
D:\OnyxPlatform\OnyxDX11\ExceptHelper.h(8,2): warning C4091: static : пропускается слева от "ExceptHelper", когда ни одна переменная не объявлена
  SwapChain.cpp
D:\OnyxPlatform\OnyxDX11\ExceptHelper.h(8,2): warning C4091: static : пропускается слева от "ExceptHelper", когда ни одна переменная не объявлена
  VertexBuffer.cpp
D:\OnyxPlatform\OnyxDX11\ExceptHelper.h(8,2): warning C4091: static : пропускается слева от "ExceptHelper", когда ни одна переменная не объявлена
  VertexShader.cpp
D:\OnyxPlatform\OnyxDX11\ExceptHelper.h(8,2): warning C4091: static : пропускается слева от "ExceptHelper", когда ни одна переменная не объявлена
  Resource.cpp
  ResourceManager.cpp
  Создание кода...
  Компиляция...
  AssetLoader.cpp
D:\OnyxPlatform\OnyxDX11\ExceptHelper.h(8,2): warning C4091: static : пропускается слева от "ExceptHelper", когда ни одна переменная не объявлена
  file_reader.cpp
D:\OnyxPlatform\OnyxDX11\ExceptHelper.h(8,2): warning C4091: static : пропускается слева от "ExceptHelper", когда ни одна переменная не объявлена
  MapLoader.cpp
D:\OnyxPlatform\OnyxDX11\ExceptHelper.h(8,2): warning C4091: static : пропускается слева от "ExceptHelper", когда ни одна переменная не объявлена
D:\OnyxPlatform\OnyxDX11\SubTools\MapLoader.cpp(30,20): warning C4244: =: преобразование "double" в "float", возможна потеря данных
  Window.cpp
D:\OnyxPlatform\OnyxDX11\ExceptHelper.h(8,2): warning C4091: static : пропускается слева от "ExceptHelper", когда ни одна переменная не объявлена
D:\OnyxPlatform\OnyxDX11\Window\Window.cpp(132,73): warning C4553: "==": результат выражения не используется; вы хотели использовать "="?
  Создание кода...
  LINK : не найден или не выполнена сборка D:\OnyxPlatform\OnyxDX11\BuildAPI\bin\Onyx.dll при последней инкрементной компоновке; выполняется полная компоновка
     Создается библиотека D:\OnyxPlatform\OnyxDX11\BuildAPI\bin\Onyx.lib и объект D:\OnyxPlatform\OnyxDX11\BuildAPI\bin\Onyx.exp
  OnyxDX11.vcxproj -> D:\OnyxPlatform\OnyxDX11\BuildAPI\bin\Onyx.dll
